<?xml version="1.0" encoding="UTF-8"?>
<testng-results ignored="0" total="1" passed="0" failed="0" skipped="1">
  <reporter-output>
  </reporter-output>
  <suite started-at="2021-03-20T21:48:49Z" name="Default suite" finished-at="2021-03-20T21:48:50Z" duration-ms="1815">
    <groups>
      <group name="cucumber">
        <method signature="AbstractTestNGCucumberTests.feature(cucumber.api.testng.CucumberFeatureWrapper)[pri:0, instance:com.TestRunner.TestRunner@4b7dc788]" name="feature" class="cucumber.api.testng.AbstractTestNGCucumberTests"/>
      </group> <!-- cucumber -->
    </groups>
    <test started-at="2021-03-20T21:48:49Z" name="Default test" finished-at="2021-03-20T21:48:50Z" duration-ms="1815">
      <class name="com.TestRunner.TestRunner">
        <test-method is-config="true" signature="setUP()[pri:0, instance:com.TestRunner.TestRunner@4b7dc788]" started-at="2021-03-20T21:48:49Z" name="setUP" finished-at="2021-03-20T21:48:50Z" duration-ms="1555" status="FAIL">
          <exception class="org.openqa.selenium.SessionNotCreatedException">
            <message>
              <![CDATA[session not created: This version of ChromeDriver only supports Chrome version 90
Current browser version is 89.0.4389.90 with binary path C:\Program Files (x86)\Google\Chrome\Application\chrome.exe
Build info: version: '3.14.0', revision: 'aacccce0', time: '2018-08-02T20:19:58.91Z'
System info: host: 'LAPTOP-P6UA3CJH', ip: '192.168.1.88', os.name: 'Windows 10', os.arch: 'amd64', os.version: '10.0', java.version: '11.0.9'
Driver info: driver.version: ChromeDriver
remote stacktrace: Backtrace:
Ordinal0 [0x0038C013+2474003]
Ordinal0 [0x003229C1+2042305]
Ordinal0 [0x00232F68+1060712]
Ordinal0 [0x0025188E+1185934]
Ordinal0 [0x0024D600+1168896]
Ordinal0 [0x0024AA83+1157763]
Ordinal0 [0x0027A2A2+1352354]
Ordinal0 [0x00278FAA+1347498]
Ordinal0 [0x002766DB+1337051]
Ordinal0 [0x00253427+1192999]
Ordinal0 [0x002542EE+1196782]
Ordinal0 [0x00254279+1196665]
GetHandleVerifier [0x005196FC+1590332]
GetHandleVerifier [0x005C8614+2306900]
GetHandleVerifier [0x00419E93+543699]
GetHandleVerifier [0x004192CE+540686]
Ordinal0 [0x003286BA+2066106]
Ordinal0 [0x0032D1C8+2085320]
Ordinal0 [0x0032D308+2085640]
Ordinal0 [0x003367F3+2123763]
BaseThreadInitThunk [0x74D36359+25]
RtlGetAppContainerNamedObjectPath [0x76EE8964+228]
RtlGetAppContainerNamedObjectPath [0x76EE8934+180]
]]>
            </message>
            <full-stacktrace>
              <![CDATA[org.openqa.selenium.SessionNotCreatedException: session not created: This version of ChromeDriver only supports Chrome version 90
Current browser version is 89.0.4389.90 with binary path C:\Program Files (x86)\Google\Chrome\Application\chrome.exe
Build info: version: '3.14.0', revision: 'aacccce0', time: '2018-08-02T20:19:58.91Z'
System info: host: 'LAPTOP-P6UA3CJH', ip: '192.168.1.88', os.name: 'Windows 10', os.arch: 'amd64', os.version: '10.0', java.version: '11.0.9'
Driver info: driver.version: ChromeDriver
remote stacktrace: Backtrace:
Ordinal0 [0x0038C013+2474003]
Ordinal0 [0x003229C1+2042305]
Ordinal0 [0x00232F68+1060712]
Ordinal0 [0x0025188E+1185934]
Ordinal0 [0x0024D600+1168896]
Ordinal0 [0x0024AA83+1157763]
Ordinal0 [0x0027A2A2+1352354]
Ordinal0 [0x00278FAA+1347498]
Ordinal0 [0x002766DB+1337051]
Ordinal0 [0x00253427+1192999]
Ordinal0 [0x002542EE+1196782]
Ordinal0 [0x00254279+1196665]
GetHandleVerifier [0x005196FC+1590332]
GetHandleVerifier [0x005C8614+2306900]
GetHandleVerifier [0x00419E93+543699]
GetHandleVerifier [0x004192CE+540686]
Ordinal0 [0x003286BA+2066106]
Ordinal0 [0x0032D1C8+2085320]
Ordinal0 [0x0032D308+2085640]
Ordinal0 [0x003367F3+2123763]
BaseThreadInitThunk [0x74D36359+25]
RtlGetAppContainerNamedObjectPath [0x76EE8964+228]
RtlGetAppContainerNamedObjectPath [0x76EE8934+180]

at java.base/jdk.internal.reflect.NativeConstructorAccessorImpl.newInstance0(Native Method)
at java.base/jdk.internal.reflect.NativeConstructorAccessorImpl.newInstance(NativeConstructorAccessorImpl.java:62)
at java.base/jdk.internal.reflect.DelegatingConstructorAccessorImpl.newInstance(DelegatingConstructorAccessorImpl.java:45)
at java.base/java.lang.reflect.Constructor.newInstance(Constructor.java:490)
at org.openqa.selenium.remote.W3CHandshakeResponse.lambda$new$0(W3CHandshakeResponse.java:57)
at org.openqa.selenium.remote.W3CHandshakeResponse.lambda$getResponseFunction$2(W3CHandshakeResponse.java:104)
at org.openqa.selenium.remote.ProtocolHandshake.lambda$createSession$0(ProtocolHandshake.java:122)
at java.base/java.util.stream.ReferencePipeline$3$1.accept(ReferencePipeline.java:195)
at java.base/java.util.Spliterators$ArraySpliterator.tryAdvance(Spliterators.java:958)
at java.base/java.util.stream.ReferencePipeline.forEachWithCancel(ReferencePipeline.java:127)
at java.base/java.util.stream.AbstractPipeline.copyIntoWithCancel(AbstractPipeline.java:502)
at java.base/java.util.stream.AbstractPipeline.copyInto(AbstractPipeline.java:488)
at java.base/java.util.stream.AbstractPipeline.wrapAndCopyInto(AbstractPipeline.java:474)
at java.base/java.util.stream.FindOps$FindOp.evaluateSequential(FindOps.java:150)
at java.base/java.util.stream.AbstractPipeline.evaluate(AbstractPipeline.java:234)
at java.base/java.util.stream.ReferencePipeline.findFirst(ReferencePipeline.java:543)
at org.openqa.selenium.remote.ProtocolHandshake.createSession(ProtocolHandshake.java:125)
at org.openqa.selenium.remote.ProtocolHandshake.createSession(ProtocolHandshake.java:73)
at org.openqa.selenium.remote.HttpCommandExecutor.execute(HttpCommandExecutor.java:136)
at org.openqa.selenium.remote.service.DriverCommandExecutor.execute(DriverCommandExecutor.java:83)
at org.openqa.selenium.remote.RemoteWebDriver.execute(RemoteWebDriver.java:548)
at org.openqa.selenium.remote.RemoteWebDriver.startSession(RemoteWebDriver.java:212)
at org.openqa.selenium.remote.RemoteWebDriver.<init>(RemoteWebDriver.java:130)
at org.openqa.selenium.chrome.ChromeDriver.<init>(ChromeDriver.java:181)
at org.openqa.selenium.chrome.ChromeDriver.<init>(ChromeDriver.java:168)
at org.openqa.selenium.chrome.ChromeDriver.<init>(ChromeDriver.java:123)
at com.test.utill.TestBase.init(TestBase.java:41)
at com.TestRunner.TestRunner.setUP(TestRunner.java:20)
at java.base/jdk.internal.reflect.NativeMethodAccessorImpl.invoke0(Native Method)
at java.base/jdk.internal.reflect.NativeMethodAccessorImpl.invoke(NativeMethodAccessorImpl.java:62)
at java.base/jdk.internal.reflect.DelegatingMethodAccessorImpl.invoke(DelegatingMethodAccessorImpl.java:43)
at java.base/java.lang.reflect.Method.invoke(Method.java:566)
at org.testng.internal.MethodInvocationHelper.invokeMethod(MethodInvocationHelper.java:124)
at org.testng.internal.MethodInvocationHelper.invokeMethodConsideringTimeout(MethodInvocationHelper.java:59)
at org.testng.internal.Invoker.invokeConfigurationMethod(Invoker.java:458)
at org.testng.internal.Invoker.invokeConfigurations(Invoker.java:222)
at org.testng.internal.Invoker.invokeConfigurations(Invoker.java:142)
at org.testng.TestRunner.beforeRun(TestRunner.java:529)
at org.testng.TestRunner.run(TestRunner.java:497)
at org.testng.SuiteRunner.runTest(SuiteRunner.java:455)
at org.testng.SuiteRunner.runSequentially(SuiteRunner.java:450)
at org.testng.SuiteRunner.privateRun(SuiteRunner.java:415)
at org.testng.SuiteRunner.run(SuiteRunner.java:364)
at org.testng.SuiteRunnerWorker.runSuite(SuiteRunnerWorker.java:52)
at org.testng.SuiteRunnerWorker.run(SuiteRunnerWorker.java:84)
at org.testng.TestNG.runSuitesSequentially(TestNG.java:1208)
at org.testng.TestNG.runSuitesLocally(TestNG.java:1137)
at org.testng.TestNG.runSuites(TestNG.java:1049)
at org.testng.TestNG.run(TestNG.java:1017)
at org.testng.remote.AbstractRemoteTestNG.run(AbstractRemoteTestNG.java:115)
at org.testng.remote.RemoteTestNG.initAndRun(RemoteTestNG.java:251)
at org.testng.remote.RemoteTestNG.main(RemoteTestNG.java:77)
]]>
            </full-stacktrace>
          </exception> <!-- org.openqa.selenium.SessionNotCreatedException -->
          <reporter-output>
          </reporter-output>
        </test-method> <!-- setUP -->
        <test-method is-config="true" signature="setUpClass()[pri:0, instance:com.TestRunner.TestRunner@4b7dc788]" started-at="2021-03-20T21:48:50Z" name="setUpClass" finished-at="2021-03-20T21:48:50Z" duration-ms="156" status="PASS">
          <reporter-output>
          </reporter-output>
        </test-method> <!-- setUpClass -->
        <test-method signature="feature(cucumber.api.testng.CucumberFeatureWrapper)[pri:0, instance:com.TestRunner.TestRunner@4b7dc788]" started-at="2021-03-20T21:48:50Z" name="feature" description="Runs Cucumber Feature" data-provider="features" finished-at="2021-03-20T21:48:50Z" duration-ms="0" status="SKIP">
          <exception class="org.openqa.selenium.SessionNotCreatedException">
            <message>
              <![CDATA[session not created: This version of ChromeDriver only supports Chrome version 90
Current browser version is 89.0.4389.90 with binary path C:\Program Files (x86)\Google\Chrome\Application\chrome.exe
Build info: version: '3.14.0', revision: 'aacccce0', time: '2018-08-02T20:19:58.91Z'
System info: host: 'LAPTOP-P6UA3CJH', ip: '192.168.1.88', os.name: 'Windows 10', os.arch: 'amd64', os.version: '10.0', java.version: '11.0.9'
Driver info: driver.version: ChromeDriver
remote stacktrace: Backtrace:
Ordinal0 [0x0038C013+2474003]
Ordinal0 [0x003229C1+2042305]
Ordinal0 [0x00232F68+1060712]
Ordinal0 [0x0025188E+1185934]
Ordinal0 [0x0024D600+1168896]
Ordinal0 [0x0024AA83+1157763]
Ordinal0 [0x0027A2A2+1352354]
Ordinal0 [0x00278FAA+1347498]
Ordinal0 [0x002766DB+1337051]
Ordinal0 [0x00253427+1192999]
Ordinal0 [0x002542EE+1196782]
Ordinal0 [0x00254279+1196665]
GetHandleVerifier [0x005196FC+1590332]
GetHandleVerifier [0x005C8614+2306900]
GetHandleVerifier [0x00419E93+543699]
GetHandleVerifier [0x004192CE+540686]
Ordinal0 [0x003286BA+2066106]
Ordinal0 [0x0032D1C8+2085320]
Ordinal0 [0x0032D308+2085640]
Ordinal0 [0x003367F3+2123763]
BaseThreadInitThunk [0x74D36359+25]
RtlGetAppContainerNamedObjectPath [0x76EE8964+228]
RtlGetAppContainerNamedObjectPath [0x76EE8934+180]
]]>
            </message>
            <full-stacktrace>
              <![CDATA[org.openqa.selenium.SessionNotCreatedException: session not created: This version of ChromeDriver only supports Chrome version 90
Current browser version is 89.0.4389.90 with binary path C:\Program Files (x86)\Google\Chrome\Application\chrome.exe
Build info: version: '3.14.0', revision: 'aacccce0', time: '2018-08-02T20:19:58.91Z'
System info: host: 'LAPTOP-P6UA3CJH', ip: '192.168.1.88', os.name: 'Windows 10', os.arch: 'amd64', os.version: '10.0', java.version: '11.0.9'
Driver info: driver.version: ChromeDriver
remote stacktrace: Backtrace:
Ordinal0 [0x0038C013+2474003]
Ordinal0 [0x003229C1+2042305]
Ordinal0 [0x00232F68+1060712]
Ordinal0 [0x0025188E+1185934]
Ordinal0 [0x0024D600+1168896]
Ordinal0 [0x0024AA83+1157763]
Ordinal0 [0x0027A2A2+1352354]
Ordinal0 [0x00278FAA+1347498]
Ordinal0 [0x002766DB+1337051]
Ordinal0 [0x00253427+1192999]
Ordinal0 [0x002542EE+1196782]
Ordinal0 [0x00254279+1196665]
GetHandleVerifier [0x005196FC+1590332]
GetHandleVerifier [0x005C8614+2306900]
GetHandleVerifier [0x00419E93+543699]
GetHandleVerifier [0x004192CE+540686]
Ordinal0 [0x003286BA+2066106]
Ordinal0 [0x0032D1C8+2085320]
Ordinal0 [0x0032D308+2085640]
Ordinal0 [0x003367F3+2123763]
BaseThreadInitThunk [0x74D36359+25]
RtlGetAppContainerNamedObjectPath [0x76EE8964+228]
RtlGetAppContainerNamedObjectPath [0x76EE8934+180]

at java.base/jdk.internal.reflect.NativeConstructorAccessorImpl.newInstance0(Native Method)
at java.base/jdk.internal.reflect.NativeConstructorAccessorImpl.newInstance(NativeConstructorAccessorImpl.java:62)
at java.base/jdk.internal.reflect.DelegatingConstructorAccessorImpl.newInstance(DelegatingConstructorAccessorImpl.java:45)
at java.base/java.lang.reflect.Constructor.newInstance(Constructor.java:490)
at org.openqa.selenium.remote.W3CHandshakeResponse.lambda$new$0(W3CHandshakeResponse.java:57)
at org.openqa.selenium.remote.W3CHandshakeResponse.lambda$getResponseFunction$2(W3CHandshakeResponse.java:104)
at org.openqa.selenium.remote.ProtocolHandshake.lambda$createSession$0(ProtocolHandshake.java:122)
at java.base/java.util.stream.ReferencePipeline$3$1.accept(ReferencePipeline.java:195)
at java.base/java.util.Spliterators$ArraySpliterator.tryAdvance(Spliterators.java:958)
at java.base/java.util.stream.ReferencePipeline.forEachWithCancel(ReferencePipeline.java:127)
at java.base/java.util.stream.AbstractPipeline.copyIntoWithCancel(AbstractPipeline.java:502)
at java.base/java.util.stream.AbstractPipeline.copyInto(AbstractPipeline.java:488)
at java.base/java.util.stream.AbstractPipeline.wrapAndCopyInto(AbstractPipeline.java:474)
at java.base/java.util.stream.FindOps$FindOp.evaluateSequential(FindOps.java:150)
at java.base/java.util.stream.AbstractPipeline.evaluate(AbstractPipeline.java:234)
at java.base/java.util.stream.ReferencePipeline.findFirst(ReferencePipeline.java:543)
at org.openqa.selenium.remote.ProtocolHandshake.createSession(ProtocolHandshake.java:125)
at org.openqa.selenium.remote.ProtocolHandshake.createSession(ProtocolHandshake.java:73)
at org.openqa.selenium.remote.HttpCommandExecutor.execute(HttpCommandExecutor.java:136)
at org.openqa.selenium.remote.service.DriverCommandExecutor.execute(DriverCommandExecutor.java:83)
at org.openqa.selenium.remote.RemoteWebDriver.execute(RemoteWebDriver.java:548)
at org.openqa.selenium.remote.RemoteWebDriver.startSession(RemoteWebDriver.java:212)
at org.openqa.selenium.remote.RemoteWebDriver.<init>(RemoteWebDriver.java:130)
at org.openqa.selenium.chrome.ChromeDriver.<init>(ChromeDriver.java:181)
at org.openqa.selenium.chrome.ChromeDriver.<init>(ChromeDriver.java:168)
at org.openqa.selenium.chrome.ChromeDriver.<init>(ChromeDriver.java:123)
at com.test.utill.TestBase.init(TestBase.java:41)
at com.TestRunner.TestRunner.setUP(TestRunner.java:20)
at java.base/jdk.internal.reflect.NativeMethodAccessorImpl.invoke0(Native Method)
at java.base/jdk.internal.reflect.NativeMethodAccessorImpl.invoke(NativeMethodAccessorImpl.java:62)
at java.base/jdk.internal.reflect.DelegatingMethodAccessorImpl.invoke(DelegatingMethodAccessorImpl.java:43)
at java.base/java.lang.reflect.Method.invoke(Method.java:566)
at org.testng.internal.MethodInvocationHelper.invokeMethod(MethodInvocationHelper.java:124)
at org.testng.internal.MethodInvocationHelper.invokeMethodConsideringTimeout(MethodInvocationHelper.java:59)
at org.testng.internal.Invoker.invokeConfigurationMethod(Invoker.java:458)
at org.testng.internal.Invoker.invokeConfigurations(Invoker.java:222)
at org.testng.internal.Invoker.invokeConfigurations(Invoker.java:142)
at org.testng.TestRunner.beforeRun(TestRunner.java:529)
at org.testng.TestRunner.run(TestRunner.java:497)
at org.testng.SuiteRunner.runTest(SuiteRunner.java:455)
at org.testng.SuiteRunner.runSequentially(SuiteRunner.java:450)
at org.testng.SuiteRunner.privateRun(SuiteRunner.java:415)
at org.testng.SuiteRunner.run(SuiteRunner.java:364)
at org.testng.SuiteRunnerWorker.runSuite(SuiteRunnerWorker.java:52)
at org.testng.SuiteRunnerWorker.run(SuiteRunnerWorker.java:84)
at org.testng.TestNG.runSuitesSequentially(TestNG.java:1208)
at org.testng.TestNG.runSuitesLocally(TestNG.java:1137)
at org.testng.TestNG.runSuites(TestNG.java:1049)
at org.testng.TestNG.run(TestNG.java:1017)
at org.testng.remote.AbstractRemoteTestNG.run(AbstractRemoteTestNG.java:115)
at org.testng.remote.RemoteTestNG.initAndRun(RemoteTestNG.java:251)
at org.testng.remote.RemoteTestNG.main(RemoteTestNG.java:77)
]]>
            </full-stacktrace>
          </exception> <!-- org.openqa.selenium.SessionNotCreatedException -->
          <reporter-output>
          </reporter-output>
        </test-method> <!-- feature -->
        <test-method is-config="true" signature="tearDownClass()[pri:0, instance:com.TestRunner.TestRunner@4b7dc788]" started-at="2021-03-20T21:48:50Z" name="tearDownClass" finished-at="2021-03-20T21:48:50Z" duration-ms="24" status="PASS">
          <reporter-output>
          </reporter-output>
        </test-method> <!-- tearDownClass -->
        <test-method is-config="true" signature="close()[pri:0, instance:com.TestRunner.TestRunner@4b7dc788]" started-at="2021-03-20T21:48:50Z" name="close" finished-at="2021-03-20T21:48:50Z" duration-ms="0" status="SKIP">
          <reporter-output>
          </reporter-output>
        </test-method> <!-- close -->
      </class> <!-- com.TestRunner.TestRunner -->
    </test> <!-- Default test -->
  </suite> <!-- Default suite -->
</testng-results>
